<?xml version="1.0" encoding="UTF-8"?>
<persistence version="2.0" xmlns="http://java.sun.com/xml/ns/persistence"
             xmlns:xsi="http://www.w3.org/2001/XMLSchema-instance"
             xsi:schemaLocation="
        http://java.sun.com/xml/ns/persistence
        http://java.sun.com/xml/ns/persistence/persistence_2_0.xsd">
  <persistence-unit name="test" transaction-type="JTA">
    <provider>org.hibernate.ejb.HibernatePersistence</provider>
    <class>com.hextremelabs.hellomaven.DummyEntity</class>
    
    <!--<jta-data-source>jdbc/arquillian</jta-data-source>-->
    <jta-data-source>java:jboss/datasources/ExampleDS</jta-data-source>
    <!--<jta-data-source>java:/DefaultDS</jta-data-source>-->

    <properties>
      <property name="hibernate.show_sql" value="true" />
      <property name="hibernate.hbm2ddl.auto" value="update"/>
      <!--<property name="hibernate.dialect" value="org.hibernate.dialect.H2Dialect" />-->
      <!--      <property name="eclipselink.ddl-generation" value="drop-and-create-tables"/>
      <property name="eclipselink.logging.level.sql" value="FINE"/>
      <property name="eclipselink.logging.parameters" value="true"/>-->
    </properties>
  </persistence-unit>
</persistence>